loop_size,tick,time
4360750,31742384,10.262181
2577531,18064380,5.840139
4132396,28941364,9.356623
4193760,29374856,9.496769
4646589,32537992,10.519398
1790205,12538560,4.053665
2340891,16395428,5.300574
4072918,28523952,9.221676
2111098,14782748,4.779201
3215879,22521372,7.281066
2909588,20375952,6.587461
3515483,24618940,7.959201
2459137,17217696,5.566410
3053603,21384800,6.913617
4808918,33670204,10.885438
4664780,32667912,10.561401
3542846,24810700,8.021197
3869187,27095244,8.759780
1566410,10969304,3.546331
3427875,24589928,7.949822
1065202,7460200,2.411852
1971547,13804956,4.463085
1548926,10847368,3.506909
4216707,30350644,9.812238
1626716,11592608,3.747842
2603777,18234356,5.895092
1519161,10637864,3.439177
1435235,10046660,3.248044
4995698,35713508,11.546029
1873027,13116936,4.240651
3051729,21372656,6.909691
4356448,30505536,9.862313
3450559,24163164,7.811851
2184126,15298232,4.945855
3550209,24860648,8.037345
3097148,21685244,7.010750
2974331,20836484,6.736349
4891100,34252364,11.073647
2170067,15195840,4.912752
4085430,28605596,9.248071
3106979,21839096,7.060489
4079655,28572100,9.237242
2600914,18211964,5.887853
4566117,31977728,10.338267
2133258,14938228,4.829467
2409833,16886012,5.459178
4230898,29628216,9.578680
4676105,33567640,10.852279
1279021,8957352,2.895875
4797308,33643496,10.876803
3103981,21733616,7.026388
1344223,9415300,3.043928
1768855,12385932,4.004321
3652907,25604604,8.277862
4560930,31939788,10.326001
2395571,16773060,5.422661
1256685,8823300,2.852536
1080092,7565964,2.446045
2830806,19820856,6.408001
1252383,8802956,2.845959
1953119,13733284,4.439914
4882536,34192480,11.054287
4608832,33008568,10.671533
4403679,30840656,9.970656
2066662,14472020,4.678744
3159041,22122484,7.152107
2500827,17509604,5.660782
4040994,29144904,9.422427
3050141,21356224,6.904379
3670895,25707256,8.311049
3126425,21894308,7.078339
1157121,8103608,2.619863
2750550,19305892,6.241515
4727340,33926040,10.968148
4723239,33075784,10.693264
3883809,27195724,8.792265
2137173,14964104,4.837833
3954137,28517160,9.219480
3559915,25059712,8.101701
2416194,16918700,5.469746
3751445,26272628,8.493832
1663896,11658560,3.769164
2760418,19671956,6.359862
4520300,31651880,10.232922
4316804,30233520,9.774372
2321348,16608628,5.369501
1915872,13415060,4.337033
4573489,32025772,10.353799
2401440,16815456,5.436367
3746679,26237268,8.482400
4825873,33792428,10.924952
3354560,23492520,7.595034
3629216,25412148,8.215642
4434705,31052264,10.039068
2758239,19315800,6.244718
4695879,32878620,10.629522
2593746,18165644,5.872877
4259067,29821280,9.641096
3736874,27819892,8.994056
4643888,32516444,10.512432
2929962,20519428,6.633846
1863299,13048820,4.218629
4801009,33620016,10.869212
4680513,32773080,10.595401
1590640,11140176,3.601573
4524248,32510320,10.510452
3564322,24958200,8.068883
2727813,19099964,6.174939
3478385,24357744,7.874758
2124237,14965452,4.838269
4144008,29021456,9.382517
2229831,15622304,5.050626
2788134,19760448,6.388471
1904426,13716556,4.434506
1750132,12255632,3.962195
2104938,14740948,4.765687
3225775,22591872,7.303859
2666005,18667268,6.035050
1678428,11807880,3.817439
4627215,33229452,10.742944
1412684,9900608,3.200826
1504301,10533956,3.405584
2981776,21750368,7.031804
4041900,28306480,9.151368
4939006,34587348,11.181946
4740015,33189692,10.730090
3737780,26939684,8.709488
2532753,17738612,5.734820
3999083,28828476,9.320127
2474654,17333316,5.603789
2176641,15241700,4.927578
1929046,13507120,4.366796
3337954,23647952,7.645285
1977650,13906516,4.495919
1609559,11272272,3.644279
3928594,27510620,8.894070
1501899,10856076,3.509724
4173881,29227888,9.449255
1656407,11601032,3.750566
3980285,27877576,9.012705
1298119,9086844,2.937739
4800416,33616108,10.867949
1210117,8476132,2.740298
3086253,21615008,6.988043
1704842,11939628,3.860032
1960249,13729468,4.438680
4191192,29353052,9.489720
3930617,27955608,9.037932
3626254,25392260,8.209213
4869620,34101132,11.024755
3557833,25299440,8.179204
4038939,28328512,9.158491
1373921,9623008,3.111079
1539609,10783200,3.486164
3080840,21574112,6.974821
1312928,9190508,2.971253
1279625,8962672,2.897595
1818620,13254700,4.285190
2845681,19933556,6.444436
4278709,29961264,9.686353
3293274,23062500,7.456011
4022323,28989488,9.372181
1207755,9006024,2.911610
1631228,11423648,3.693218
4999974,35422224,11.451858
1817314,12726852,4.114539
4559822,31933068,10.323829
1501873,10513120,3.398848
4991195,35073956,11.339265
1216230,8519488,2.754315
4482159,31386236,10.147040
1289315,9030996,2.919684
1016646,7120692,2.302090
4692276,32855040,10.621898
3375568,24462852,7.908739
1721489,12054260,3.897092
1652525,11578916,3.743416
2566760,17976216,5.811636
4652106,32575276,10.531452
4278780,29963184,9.686973
2436381,17685112,5.717523
3209940,23397160,7.564205
3317719,23233580,7.511320
2810303,19698116,6.368319
3749549,26258952,8.489410
1398560,9795520,3.166851
3123231,21866560,7.069368
4029175,28220556,9.123589
2217180,15825256,5.116240
4968913,34797992,11.250047
3307884,23207972,7.503041
4510455,31583952,10.210961
3991237,27948580,9.035660
3515639,24725284,7.993582
1141683,8038212,2.598721
3991211,28052612,9.069293
4332954,30408848,9.831055
4701506,32941272,10.649777
4493085,31475712,10.175967
4324150,30285116,9.791053
4917736,34441400,11.134762
3975244,27841204,9.000946
4613465,32644364,10.553788
4934382,35249712,11.396086
3667521,25897340,8.372503
2989034,20937100,6.768878
1655872,11724088,3.790349
4320047,30254924,9.781292
4555795,32245968,10.424988
1307978,9155680,2.959993
3598827,25203360,8.148142
1992176,14781236,4.778712
3517918,24635632,7.964598
1916547,13421240,4.339031
3802479,27208112,8.796270
2267468,15882460,5.134734
2315108,16217100,5.242921
1925711,14268192,4.612847
1296643,9076516,2.934400
3532288,24737008,7.997372
1894625,13272000,4.290783
3604528,25242140,8.160679
3042743,21306320,6.888245
4885862,34218112,11.062574
2120168,14846900,4.799941
3184427,22299892,7.209463
3877074,27589732,8.919646
1453122,10364436,3.350779
2885933,20210260,6.533893
3370159,23599184,7.629518
4777272,33453700,10.815443
2803670,19634692,6.347815
2345404,16882372,5.458001
4390737,30748548,9.940878
2738053,19171392,6.198032
1012925,7096744,2.294348
2379771,16664600,5.387596
3393925,23766604,7.683645
4332973,30345412,9.810546
1935566,13552856,4.381582
3701903,25926268,8.381855
2931801,20536692,6.639427
2927743,20504932,6.629160
2219822,15542980,5.024981
3848349,27036716,8.740858
1730223,12117840,3.917647
3487291,24420892,7.895173
1163457,8144208,2.632989
2655934,18601068,6.013648
3783935,26498464,8.566844
3695745,25882648,8.367753
3550560,24865044,8.038766
2388463,16724480,5.406955
1738489,12870784,4.161071
3436423,24070192,7.781793
3508631,24571956,7.944012
3922917,27470752,8.881180
2313497,16202720,5.238272
3961753,27741128,8.968592
1808851,12666196,4.094929
4683657,32803008,10.605077
3739026,26184168,8.465233
3612521,25845328,8.355688
2029061,14209080,4.593737
3129763,22741028,7.352080
1350574,9459316,3.058158
2041987,14300008,4.623133
4509535,31576988,10.208709
3744499,27050220,8.745224
1374960,9624732,3.111636
1445102,10121344,3.272189
2446403,17134044,5.539365
3306762,23153056,7.485287
3372845,23618820,7.635867
3666226,25674148,8.300346
2155111,15095272,4.880239
4103068,28729296,9.288062
2153517,15078896,4.874945
2318568,16235240,5.248786
1759003,12318248,3.982439
4937452,34814204,11.255288
1014314,7106648,2.297550
4309564,30887912,9.985934
2325916,16291020,5.266819
1752804,12274832,3.968402
2745987,19298208,6.239031
4834547,33854568,10.945042
4675721,32848352,10.619736
4059485,28425496,9.189845
3796301,26584660,8.594710
1484572,10395940,3.360964
3743143,26213096,8.474585
2535327,17751420,5.738961
4097093,28692560,9.276186
4772205,33413256,10.802367
4665091,33493052,10.828165
4447668,31972220,10.336486
1814192,12703268,4.106914
4174627,29231508,9.450425
3192168,22353364,7.226750
2189153,15761420,5.095602
4619729,32350988,10.458940
4638571,32783748,10.598850
4495915,32307212,10.444788
2992575,20957376,6.775433
3304798,23141324,7.481494
1651026,11561124,3.737664
2095644,14673192,4.743782
4458315,31219188,10.093034
2969595,20794924,6.722913
2854648,19991568,6.463191
4395768,30852616,9.974523
2983909,20925784,6.765219
2164213,15154896,4.899515
1721684,12057604,3.898173
3736713,26167988,8.460002
3910201,27380952,8.852148
1556232,10898944,3.523583
3412435,23894740,7.725070
2969686,21983444,7.107156
4352534,30477068,9.853110
3897007,27389572,8.854935
1712830,12010248,3.882863
1887862,13221868,4.274575
2994101,20964252,6.777656
1485035,10400600,3.362471
1552953,10876212,3.516234
2441770,17929476,5.796525
2299228,16099924,5.205039
4727581,33103744,10.702303
4633938,32446896,10.489947
3488381,24429692,7.898018
4347311,30481536,9.854554
4272510,29915580,9.671583
2984297,20899148,6.756608
2339886,16384924,5.297178
2577308,18932504,6.120800
3635324,25455220,8.229567
3435531,24056516,7.777372
2035624,14253604,4.608131
1604919,11316616,3.658615
1290180,9632692,3.114209
1431393,10025476,3.241195
3588829,25131700,8.124975
2454393,17190576,5.557642
2153078,15075736,4.873923
2325543,16284012,5.264554
1364594,9558076,3.090086
2709310,18970352,6.133036
4737978,33181404,10.727411
3334281,23350496,7.549119
2061845,14436644,4.667307
3634986,25454148,8.229221
4047111,28344040,9.163511
2949707,20651744,6.676623
1629088,11407648,3.688045
4532146,31905984,10.315073
3502661,24528024,7.929809
3070858,21501256,6.951267
1831374,12823752,4.145866
3230242,22623824,7.314189
2704797,18941260,6.123631
4319756,30246080,9.778432
2577553,18246948,5.899163
1977307,13845236,4.476107
2304053,16133840,5.216004
3917440,27432916,8.868948
3554616,24893540,8.047978
4939378,34591812,11.183390
2352971,16480192,5.327978
4590241,32141488,10.391210
1544298,10814652,3.496332
2643151,18506516,5.983080
1021634,7657264,2.475562
4133127,29782396,9.628525
4097544,28775172,9.302894
2174712,15226912,4.922798
1458671,10214628,3.302347
4462139,31244040,10.101069
3884023,27202580,8.794481
1196649,8376556,2.708106
2796420,19585496,6.331910
4945868,35459892,11.464036
3831636,26829192,8.673767
1843531,12908796,4.173360
2895575,20366588,6.584434
4460724,31791848,10.278173
1375678,9633744,3.114550
1398237,10011672,3.236732
2531583,17724884,5.730382
2207052,15453508,4.996055
3628479,25413400,8.216047
4236381,30487596,9.856514
1526808,10693112,3.457039
1206033,8447544,2.731056
1213689,8495832,2.746667
2830862,19825088,6.409369
4123473,28871896,9.334164
3768305,27068256,8.751055
2770240,19415916,6.277085
1476445,10385160,3.357479
3358546,23519096,7.603626
3314539,23211276,7.504109
3119596,22618280,7.312396
3380181,24511288,7.924398
2447667,17141464,5.541764
2217141,15931336,5.150535
4554893,31901036,10.313473
2906338,20349672,6.578965
1679281,11760492,3.802118
3438916,24083172,7.785990
3102988,21735264,7.026921
3475701,24338040,7.868388
3384784,23701428,7.662574
1934624,13547248,4.379769
4319233,30242628,9.777316
1280360,8966148,2.898719
1395349,9772284,3.159339
4694911,32871176,10.627115
1678598,11753580,3.799884
2926933,20495436,6.626090
1901963,13318412,4.305787
4307077,30162744,9.751490
2163314,15423476,4.986346
2428772,17005040,5.497659
4513110,31603192,10.217181
2377003,16642428,5.380428
4259634,29827624,9.643147
3636584,26288832,8.499071
1145309,8017176,2.591920
2029875,14212484,4.594837
4113029,28805244,9.312616
3503856,24535136,7.932108
4344414,30419044,9.834351
2232626,15631668,5.053654
1884037,13194756,4.265810
1792082,12631660,4.083763
3449768,24156560,7.809716
1438930,10072520,3.256404
3698420,25895508,8.371911
4129049,28916176,9.348480
3877847,27151776,8.778057
1801409,12616260,4.078785
2604750,18238740,5.896509
2262632,15846716,5.123178
2736034,19156836,6.193326
1923983,13471332,4.355226
2542992,17813536,5.759042
3131383,21928228,7.089305
1618895,11332276,3.663678
3221590,22559016,7.293236
1058317,7413148,2.396640
2520858,17650712,5.706402
2528668,17709052,5.725263
2221632,15556208,5.029258
3949630,28340052,9.162221
2041779,14297688,4.622383
3598635,25202596,8.147895
3209265,22676476,7.331211
4678363,32761312,10.591597
3743945,26217408,8.475979
4239141,29686220,9.597432
3791392,26631492,8.609851
2247801,15808836,5.110931
3583556,25516592,8.249409
1024019,7172796,2.318935
3131839,21927644,7.089117
4375638,30642508,9.906596
3473787,24325168,7.864226
3570770,25005012,8.084017
3074059,21526704,6.959494
2602836,18224932,5.892045
2448617,17144032,5.542595
3875468,27141440,8.774715
4207586,29472808,9.528437
3711249,25986056,8.401184
1611503,11284480,3.648226
1131570,7924536,2.561970
1254242,8779704,2.838442
3742887,26208476,8.473092
1750465,12258136,3.963005
3475833,24340712,7.869251
3801204,26627144,8.608445
3271324,22905320,7.405195
1004501,7036808,2.274971
1022836,7165200,2.316479
2220955,15552192,5.027959
2046281,14329672,4.632724
3621472,25359848,8.198734
4430220,31473832,10.175360
1724644,12077996,3.904766
2365417,16563260,5.354833
3669362,25696208,8.307478
4516037,31628104,10.225235
3613219,25303248,8.180435
2252918,15775692,5.100216
4540056,31827456,10.289685
1745059,12219476,3.950506
1628556,11412152,3.689501
3013843,21106168,6.823537
4315829,30260308,9.783032
3702616,25929260,8.382822
4616680,32325764,10.450786
1764446,12356616,3.994843
2578085,18462148,5.968736
3824266,26781060,8.658206
4475696,31340464,10.132242
3189588,22336304,7.221235
3955837,27700088,8.955324
4729938,33122680,10.708425
1932475,13532644,4.375048
4706303,32958792,10.655441
3205771,22450112,7.258028
4733680,33146288,10.716058
2977627,20851172,6.741098
3210273,22482032,7.268348
4756516,33312552,10.769810
4198582,29400776,9.505149
4256554,29805576,9.636019
3377989,23668580,7.651954
3628803,25410932,8.215249
4981199,34882760,11.277452
4743406,34041292,11.005409
2298165,16092660,5.202690
4497237,32319112,10.448635
3356626,23505424,7.599206
3551083,24866960,8.039385
4037294,28268976,9.139243
4101685,28720768,9.285305
4179640,29273640,9.464047
2051138,14363540,4.643673
3417515,24754788,8.003120
2882256,20179976,6.524103
1667818,11680008,3.776098
4181961,29286728,9.468278
4460342,31230180,10.096588
4492085,32282824,10.436903
3657657,25613100,8.280609
2649930,18563040,6.001354
3447922,24139876,7.804322
3387596,23722408,7.669356
3582405,25085144,8.109923
3154226,23044612,7.450228
1593367,11159984,3.607977
3316086,23221852,7.507529
1131853,7927152,2.562815
3803641,26636372,8.611429
3072602,21517440,6.956499
4330436,30324444,9.803767
3060196,21431020,6.928560
1450591,10158228,3.284113
2959240,20720220,6.698761
3041396,21317036,6.891709
1193998,8362364,2.703518
4257405,29812220,9.638167
2538633,17779776,5.748128
3550625,24862168,8.037836
2808489,19663224,6.357039
1575927,11035504,3.567733
2652311,19399804,6.271876
1988130,13998672,4.525713
2627066,18393452,5.946527
1069826,7494380,2.422902
3870386,27100380,8.761441
3294884,23386532,7.560769
4251788,29771692,9.625065
3330729,24167640,7.813298
2786970,19516332,6.309549
2909445,20371576,6.586046
4980659,34907580,11.285476
1234892,8649652,2.796397
1297041,9084568,2.937003
3563065,25843284,8.355027
3389119,23733096,7.672812
1890409,13498412,4.363981
1879151,13157988,4.253923
3520972,24986064,8.077891
4694050,33749952,10.911220
3951754,27672844,8.946516
2851408,20018504,6.471899
2754247,19287472,6.235560
4402345,30832412,9.967991
4810649,33684912,10.890193
4795643,33584368,10.857687
4596344,32621584,10.546423
4068054,28488776,9.210303
2334276,16345440,5.284413
3146969,22042464,7.126237
1876544,13140204,4.248174
2910204,20380724,6.589004
4799281,33603880,10.863995
2864674,20063332,6.486392
4537271,31776972,10.273363
4869107,34093704,11.022353
1735061,12150732,3.928281
2832155,19835272,6.412661
4120895,28855120,9.328741
4065790,28474904,9.205819
4619126,32343180,10.456416
2030341,14240932,4.604034
4046449,28442792,9.195437
4854019,33988684,10.988401
2327383,16511472,5.338091
2609515,18270544,5.906791
3243138,22734040,7.349821
3217792,22533256,7.284908
3488666,24429896,7.898084
1764110,12407456,4.011279
2911843,20446948,6.610414
2440420,17088264,5.524565
3615519,25316084,8.184585
4666090,32683216,10.566348
1842766,12904984,4.172128
3426168,23992252,7.756596
4461734,31239884,10.099725
1439110,10077840,3.258124
2494223,17464876,5.646322
1796010,12718936,4.111979
3586080,25935664,8.384893
3370767,23604072,7.631099
3706215,25954012,8.390825
3385362,24480352,7.914396
1235441,8651924,2.797131
3243487,22714788,7.343597
3254469,22792168,7.368614
1970503,13800464,4.461633
1075643,7535152,2.436083
2375365,16633136,5.377424
1036293,7254060,2.345208
4694769,32879996,10.629967
3405706,23848204,7.710026
4082743,28589068,9.242727
4548788,33127216,10.709892
4733090,33147532,10.716460
1692258,11849752,3.830976
2791926,19547484,6.319621
2950882,20666652,6.681443
4180925,29275832,9.464755
3556036,24900064,8.050088
4862726,34052396,11.008999
1621345,11358828,3.672262
2171556,15206240,4.916114
4528817,31715236,10.253404
2464111,17254300,5.578244
4597725,32198332,10.409587
3990551,27943124,9.033896
2903222,20331916,6.573224
2091948,14647944,4.735620
4786561,33522212,10.837592
1489303,11169776,3.611142
4462716,31251968,10.103632
3492777,24462492,7.908622
3874665,27132872,8.771945
4698158,32899964,10.636422
1736264,12159224,3.931027
2129135,14909184,4.820077
1668661,11684756,3.777633
1811907,12690620,4.102825
3504500,24542516,7.934494
1704955,12325196,3.984685
1506676,10552024,3.411426
1910207,13376676,4.324624
4787698,34153976,11.041839
1055465,7388268,2.388596
1643297,11508656,3.720701
1479957,10363504,3.350478
2847391,19942348,6.447279
3594180,25169604,8.137229
4660882,32636840,10.551355
1403427,9827984,3.177347
3456906,24207484,7.826179
1282227,9237540,2.986458
2574984,18113116,5.855895
2985723,20908988,6.759789
2746339,19235476,6.218750
2172709,15214212,4.918692
1976274,13838004,4.473769
4649562,32561084,10.526864
3264657,22857940,7.389877
1762836,12345096,3.991118
1138865,7975936,2.578587
2727374,19543140,6.318216
4255614,29799816,9.634157
4013530,28102568,9.085444
2425532,17817140,5.760208
4991879,34956488,11.301288
1142665,7998668,2.585936
3094193,22036636,7.124353
1803787,12631776,4.083801
3647166,25543848,8.258220
3799148,26602784,8.600570
2310464,16178180,5.230339
4557373,31914972,10.317978
3586847,25118020,8.120552
2365929,16565316,5.355498
1200671,8409896,2.718885
4066804,28475852,9.206125
4213320,29513504,9.541594
3794852,26572412,8.590751
3727686,26102028,8.438678
4616748,32328852,10.451784
2251758,15766008,5.097085
4009914,28079308,9.077924
2191732,15345716,4.961206
4237482,29675756,9.594049
1756254,12298804,3.976152
3364442,23559348,7.616640
1213757,8496312,2.746822
1405816,9845748,3.183090
1629100,12221812,3.951261
1976594,13840856,4.474691
1544682,10817780,3.497343
3356474,23503304,7.598521
1232209,8630464,2.790193
4558212,31916392,10.318437
4782006,33489796,10.827112
1224088,8608576,2.783117
4700878,32972784,10.659965
2876200,20165628,6.519464
2027876,14199928,4.590778
3348044,23445920,7.579969
1675348,11730756,3.792505
3338340,23374964,7.557029
2905418,20348252,6.578506
4262195,30668192,9.914899
4704270,32939860,10.649320
3106090,21751096,7.032039
3329000,23307632,7.535261
3917590,27550044,8.906815
1900942,14021264,4.533017
2056687,14401936,4.656086
3534339,24751728,8.002131
3152701,22904936,7.405071
1066602,7466224,2.413799
4726072,33096632,10.700004
2390183,16736932,5.410981
1822856,12767664,4.127733
3090514,21643000,6.997092
2603941,18236952,5.895931
2228673,15606036,5.045367
3719615,26307544,8.505120
3580535,25073500,8.106159
2773355,19564520,6.325128
2076089,14538092,4.700105
3812744,27236640,8.805493
2331568,16326528,5.278299
1858095,13010592,4.206271
4036833,28269460,9.139399
2032446,14300680,4.623351
3734295,26568848,8.589599
1064709,7499932,2.424697
4380491,30674084,9.916804
4409644,31703612,10.249646
3403050,23832436,7.704928
2285910,16006560,5.174855
3671840,25711900,8.312551
3107320,21760052,7.034935
4392000,30754860,9.942919
2000841,14009920,4.529349
2024911,14178316,4.583791
1292942,9070848,2.932568
3057528,21659088,7.002293
4559250,31930256,10.322920
3445643,24123668,7.799082
3124131,21879296,7.073486
4285323,30013596,9.703271
4835827,33860340,10.946908
3946987,27645172,8.937570
2375837,16635036,5.378038
2439768,17084184,5.523246
1175661,8234868,2.662299
1095452,7673676,2.480868
1020304,7142140,2.309024
2949016,20654540,6.677527
2171542,15205312,4.915814
3833049,26843640,8.678438
4280584,29978116,9.691801
3029638,21213092,6.858105
2869883,20098992,6.497921
1313031,9196692,2.973252
1763934,12353416,3.993808
2934593,20547976,6.643076
4693523,32869876,10.626695
1173578,8219280,2.657259
1337643,9427860,3.047988
1979433,14027048,4.534887
3845419,26928216,8.705781
3444964,24124816,7.799453
1371433,9605900,3.105548
4846260,33939240,10.972416
4469876,31304832,10.120723
1664376,11656792,3.768593
2903789,20330972,6.572919
4029127,28216696,9.122341
4110019,28778740,9.304047
1027920,7199960,2.327717
3314450,23211204,7.504086
3945847,27631096,8.933019
3974908,27834280,8.998707
4690288,32846256,10.619059
1385616,9699328,3.135753
4150569,29069940,9.398191
4785740,33920156,10.966246
1405921,9841456,3.181702
2099586,14708864,4.755315
1957283,13706756,4.431337
4238971,29683476,9.596545
1380170,9666540,3.125152
3986921,27917560,9.025632
2108854,14765824,4.773730
1693202,11856192,3.833058
4750855,33293612,10.763687
4043447,28316328,9.154552
1386725,10149604,3.281325
4924434,34486904,11.149473
4381091,30675324,9.917205
2366158,16570836,5.357283
3769853,26398312,8.534465
2826056,20555488,6.645504
2737592,20004188,6.467271
3616114,25320560,8.186032
2295932,16075564,5.197163
3401968,23822848,7.701828
1519903,10643296,3.440934
1325060,9279160,2.999914
2511988,18055936,5.837409
1547824,10840072,3.504550
3639510,25484416,8.239006
1457836,10787256,3.487475
4522732,31672236,10.239503
3329798,23319640,7.539143
1843452,12909468,4.173578
3673302,25721020,8.315499
3115539,21817632,7.053550
2249373,15750996,5.092232
4772888,33424312,10.805942
4072822,28795540,9.309479
1488344,10423040,3.369726
1153059,8071428,2.609459
3059743,21571476,6.973969
2597199,18189948,5.880735
1846261,12929172,4.179948
2810599,19678152,6.361865
1640647,11489804,3.714606
2232987,15635456,5.054878
2735033,19157904,6.193671
1021739,7152180,2.312270
3599146,25207328,8.149425
1504887,10629548,3.436489
2847796,20393792,6.593229
1336738,9362540,3.026870
4121002,28916468,9.348574
4143729,29015708,9.380658
3738707,26185900,8.465793
4640906,33319484,10.772051
4468789,31296056,10.117885
1250695,8760216,2.832142
1188730,8321124,2.690185
3108299,21768812,7.037767
1708531,12346156,3.991461
4711463,32991672,10.666071
1438098,10066696,3.254521
2551984,17874568,5.778774
3384765,23702220,7.662830
3553637,24886860,8.045819
3801358,26617216,8.605236
3157653,22112788,7.148973
2626460,18390704,5.945638
4289703,30039640,9.711691
3310713,23182600,7.494839
4686204,32813932,10.608608
1886903,13212232,4.271460
4156974,30131044,9.741242
2496803,17481612,5.651733
2527550,17736172,5.734031
1389962,9729744,3.145586
4231837,30461812,9.848178
2549290,18091348,5.848858
3989108,28764476,9.299436
4736724,33165872,10.722389
4397086,30793808,9.955511
4325847,30291400,9.793084
3857726,27011844,8.732817
3540815,24793292,8.015569
3064554,21462332,6.938683
3498632,24499824,7.920692
3009605,21902004,7.080827
3315250,23218520,7.506451
3687363,25822476,8.348300
1117904,7828672,2.530977
4023781,28179312,9.110255
3398826,23805048,7.696073
1556003,10896448,3.522777
1575766,11030368,3.566072
1783591,13320160,4.306353
4109640,28859536,9.330168
4377124,31473564,10.175273
3941245,27602960,8.923923
1736101,12156920,3.930282
3666828,26502176,8.568044
2251958,15769648,5.098262
1422305,9960184,3.220086
4553731,31941372,10.326513
1408933,9867916,3.190256
2919108,20442932,6.609115
2081282,14573212,4.711459
1798895,12597464,4.072708
2150945,15100312,4.881868
3630572,25424360,8.219590
4788003,33539008,10.843022
1887670,13218680,4.273545
3027658,21499248,6.950618
4113850,28806212,9.312929
4745396,33231268,10.743531
1568474,10984920,3.551379
2178405,15253192,4.931294
3244029,22718716,7.344867
3578079,25055576,8.100364
4493655,31466156,10.172878
1931392,13525092,4.372606
3695984,25887492,8.369319
3517437,24631164,7.963153
4330218,30320744,9.802571
4251987,29773240,9.625565
4093203,28670584,9.269081
1113810,7796680,2.520634
3361628,24366408,7.877559
3470328,24317376,7.861707
4055055,28411036,9.185170
4097729,28694716,9.276883
2137157,14966056,4.838464
1307013,9152952,2.959111
4520034,31647772,10.231594
1690888,11841676,3.828365
1715946,12017040,3.885059
2439143,17084300,5.523283
2772170,19410632,6.275377
2514841,17614152,5.694582
3590088,25139912,8.127629
1402742,9823188,3.175796
2302845,16123856,5.212776
4477759,31351916,10.135945
3430401,24846144,8.032655
1416696,9922448,3.207886
4223155,29578764,9.562692
3998875,28001868,9.052888
2595101,18171664,5.874824
2467185,17278528,5.586077
2576955,18042704,5.833131
2088757,14625588,4.728392
3398577,23797752,7.693715
1272939,8915368,2.882302
4606194,32261092,10.429877
2728796,19107412,6.177347
4524926,31687152,10.244325
3699398,25906476,8.375456
2842606,19903640,6.434764
2886555,21038260,6.801582
2169726,15193380,4.911957
1897661,13287412,4.295765
1984284,13903516,4.494949
3306884,23151968,7.484935
2204675,15442084,4.992362
1504319,10570288,3.417330
3997772,28266076,9.138305
2920622,20448616,6.610953
2943463,20615048,6.664760
1769943,12393688,4.006828
4435463,31059516,10.041413
1533552,10740184,3.472257
2172685,15214256,4.918706
1738309,12173436,3.935621
1011311,7079184,2.288671
4603087,32234616,10.421318
2155006,15089056,4.878229
4234467,29655936,9.587641
3601962,25224768,8.155063
3750108,26260196,8.489813
1701652,12059112,3.898661
1178917,8252428,2.667976
4838865,33883560,10.954415
4100230,29508208,9.539881
1451857,10168748,3.287514
4445060,31133496,10.065330
1829026,13380560,4.325880
4976783,34850388,11.266986
3144458,22017300,7.118102
3671633,25717572,8.314385
2863339,20047248,6.481192
4314185,31036732,10.034047
4569295,31995980,10.344168
3847623,26940956,8.709900
2621069,18360804,5.935972
1773970,12421580,4.015845
4351943,30477060,9.853107
1618842,11335924,3.664857
3694592,26695320,8.630486
2295406,16074544,5.196834
2388785,16725028,5.407132
3130056,21918428,7.086137
